<?xml version="1.0" encoding="UTF-8"?>
<!-- Generated by org.testng.reporters.JUnitReportReporter -->
<testsuite skipped="0" hostname="hamza-HP-Notebook" name="Baarei.AssignTask" tests="1" failures="0" timestamp="06 Feb 2019 07:43:09 GMT" time="8.457" errors="0">
  <testcase name="assignTask" time="8.457" classname="Baarei.AssignTask"/>
</testsuite> <!-- Baarei.AssignTask -->
