<?xml version="1.0" encoding="UTF-8"?>
<!-- Generated by org.testng.reporters.JUnitReportReporter -->
<testsuite skipped="0" hostname="hamza-HP-Notebook" name="Baarei.DeleteSection" tests="1" failures="0" timestamp="04 Feb 2019 17:02:41 GMT" time="17.625" errors="0">
  <testcase name="deleteSection" time="17.625" classname="Baarei.DeleteSection"/>
</testsuite> <!-- Baarei.DeleteSection -->
