<?xml version="1.0" encoding="UTF-8"?>
<!-- Generated by org.testng.reporters.JUnitReportReporter -->
<testsuite skipped="0" hostname="hamza-HP-Notebook" name="Baarei.ParticipantTest" tests="1" failures="0" timestamp="08 Feb 2019 17:47:17 GMT" time="3.933" errors="0">
  <testcase name="associateReservation" time="3.933" classname="Baarei.ParticipantTest"/>
</testsuite> <!-- Baarei.ParticipantTest -->
