<?xml version="1.0" encoding="UTF-8"?>
<!-- Generated by org.testng.reporters.JUnitReportReporter -->
<testsuite skipped="0" hostname="hamza-HP-Notebook" name="Baarei.AddTaskTest" tests="1" failures="0" timestamp="04 Feb 2019 17:37:40 GMT" time="17.307" errors="0">
  <testcase name="createTask" time="17.307" classname="Baarei.AddTaskTest"/>
</testsuite> <!-- Baarei.AddTaskTest -->
