<?xml version="1.0" encoding="UTF-8"?>
<!-- Generated by org.testng.reporters.JUnitReportReporter -->
<testsuite skipped="0" hostname="hamza-HP-Notebook" name="Baarei.DeleteCommentTest" tests="1" failures="0" timestamp="04 Feb 2019 17:40:15 GMT" time="13.232" errors="0">
  <testcase name="deleteComment" time="13.232" classname="Baarei.DeleteCommentTest"/>
</testsuite> <!-- Baarei.DeleteCommentTest -->
