<?xml version="1.0" encoding="UTF-8"?>
<!-- Generated by org.testng.reporters.JUnitReportReporter -->
<testsuite skipped="0" hostname="hamza-HP-Notebook" name="Baarei.SmartTaskEmailTest" tests="1" failures="0" timestamp="06 Feb 2019 16:58:04 GMT" time="83.741" errors="0">
  <testcase name="smartTask" time="83.741" classname="Baarei.SmartTaskEmailTest"/>
</testsuite> <!-- Baarei.SmartTaskEmailTest -->
