<?xml version="1.0" encoding="UTF-8"?>
<!-- Generated by org.testng.reporters.JUnitReportReporter -->
<testsuite skipped="0" hostname="hamza-HP-Notebook" name="Baarei.CommentTaskTest" tests="1" failures="0" timestamp="04 Feb 2019 17:38:50 GMT" time="14.174" errors="0">
  <testcase name="commentTask" time="14.174" classname="Baarei.CommentTaskTest"/>
</testsuite> <!-- Baarei.CommentTaskTest -->
