<?xml version="1.0" encoding="UTF-8"?>
<!-- Generated by org.testng.reporters.JUnitReportReporter -->
<testsuite skipped="0" hostname="hamza-HP-Notebook" name="Baarei.DueDateTest" tests="1" failures="0" timestamp="06 Feb 2019 07:58:27 GMT" time="11.812" errors="0">
  <testcase name="assignTask" time="11.812" classname="Baarei.DueDateTest"/>
</testsuite> <!-- Baarei.DueDateTest -->
