<?xml version="1.0" encoding="UTF-8"?>
<!-- Generated by org.testng.reporters.JUnitReportReporter -->
<testsuite skipped="0" hostname="hamza-HP-Notebook" name="Baarei.AppTest" tests="1" failures="0" timestamp="31 Jan 2019 13:57:54 GMT" time="0.004" errors="0">
  <testcase name="testApp" time="0.004" classname="Baarei.AppTest"/>
</testsuite> <!-- Baarei.AppTest -->
