<?xml version="1.0" encoding="UTF-8"?>
<!-- Generated by org.testng.reporters.JUnitReportReporter -->
<testsuite skipped="0" hostname="hamza-HP-Notebook" name="Baarei.DeleteSectionTest" tests="1" failures="0" timestamp="04 Feb 2019 17:47:52 GMT" time="18.393" errors="0">
  <testcase name="deleteSection" time="18.393" classname="Baarei.DeleteSectionTest"/>
</testsuite> <!-- Baarei.DeleteSectionTest -->
