<?xml version="1.0" encoding="UTF-8"?>
<!-- Generated by org.testng.reporters.JUnitReportReporter -->
<testsuite skipped="0" hostname="hamza-HP-Notebook" name="Baarei.DeleteTask" tests="1" failures="0" timestamp="04 Feb 2019 16:57:22 GMT" time="22.048" errors="0">
  <testcase name="deleteTask" time="22.048" classname="Baarei.DeleteTask"/>
</testsuite> <!-- Baarei.DeleteTask -->
