<?xml version="1.0" encoding="UTF-8"?>
<!-- Generated by org.testng.reporters.JUnitReportReporter -->
<testsuite skipped="0" hostname="hamza-HP-Notebook" name="Baarei.AddSectionTest" tests="1" failures="0" timestamp="04 Feb 2019 17:46:15 GMT" time="18.329" errors="0">
  <testcase name="addSection" time="18.329" classname="Baarei.AddSectionTest"/>
</testsuite> <!-- Baarei.AddSectionTest -->
