<?xml version="1.0" encoding="UTF-8"?>
<!-- Generated by org.testng.reporters.JUnitReportReporter -->
<testsuite skipped="0" hostname="hamza-HP-Notebook" name="Baarei.ReorderTaskTest" tests="1" failures="0" timestamp="04 Feb 2019 17:41:46 GMT" time="7.923" errors="0">
  <testcase name="reorderTasks" time="7.923" classname="Baarei.ReorderTaskTest"/>
</testsuite> <!-- Baarei.ReorderTaskTest -->
