<?xml version="1.0" encoding="UTF-8"?>
<!-- Generated by org.testng.reporters.JUnitReportReporter -->
<testsuite skipped="0" hostname="hamza-HP-Notebook" name="Baarei.DeleteTaskTest" tests="1" failures="0" timestamp="04 Feb 2019 17:43:19 GMT" time="21.914" errors="0">
  <testcase name="deleteTask" time="21.914" classname="Baarei.DeleteTaskTest"/>
</testsuite> <!-- Baarei.DeleteTaskTest -->
