<?xml version="1.0" encoding="UTF-8"?>
<!-- Generated by org.testng.reporters.JUnitReportReporter -->
<testsuite skipped="0" hostname="hamza-HP-Notebook" name="Baarei.CreateEventTest" tests="1" failures="0" timestamp="07 Feb 2019 17:31:40 GMT" time="24.281" errors="0">
  <testcase name="createEvent" time="24.281" classname="Baarei.CreateEventTest"/>
</testsuite> <!-- Baarei.CreateEventTest -->
